<?xml version="1.0" encoding="UTF-8"?>
<!-- Generated by org.testng.reporters.JUnitReportReporter -->
<testsuite hostname="PE-HO-507" failures="0" tests="1" name="com.ConsultaDCD.test.ObservarDCDTest" time="133.643" errors="1" timestamp="23 sept 2022 18:16:44 GMT" skipped="0">
  <testcase classname="com.ConsultaDCD.test.ObservarDCDTest" name="ObservarDCDPortalFedepalma" time="133.643">
    <error message="The document has been closed. You can&#039;t add any Elements." type="com.itextpdf.text.DocumentException">
      <![CDATA[com.itextpdf.text.DocumentException: The document has been closed. You can't add any Elements.
at com.itextpdf.text.Document.add(Document.java:267)
at utilities.GenerarReportePdf.createBody(GenerarReportePdf.java:125)
at PagObject_demoautomatizacion.BasePage.captureScreen(BasePage.java:532)
at PagObject_ConsultaDCD.ObservarDCDPage.ObservarDCD(ObservarDCDPage.java:24)
at com.ConsultaDCD.test.ObservarDCDTest.ObservarDCDPortalFedepalma(ObservarDCDTest.java:64)
at java.base/jdk.internal.reflect.NativeMethodAccessorImpl.invoke0(Native Method)
at java.base/jdk.internal.reflect.NativeMethodAccessorImpl.invoke(NativeMethodAccessorImpl.java:77)
at java.base/jdk.internal.reflect.DelegatingMethodAccessorImpl.invoke(DelegatingMethodAccessorImpl.java:43)
at java.base/java.lang.reflect.Method.invoke(Method.java:568)
at org.testng.internal.MethodInvocationHelper.invokeMethod(MethodInvocationHelper.java:124)
at org.testng.internal.Invoker.invokeMethod(Invoker.java:583)
at org.testng.internal.Invoker.invokeTestMethod(Invoker.java:719)
at org.testng.internal.Invoker.invokeTestMethods(Invoker.java:989)
at org.testng.internal.TestMethodWorker.invokeTestMethods(TestMethodWorker.java:125)
at org.testng.internal.TestMethodWorker.run(TestMethodWorker.java:109)
at org.testng.TestRunner.privateRun(TestRunner.java:648)
at org.testng.TestRunner.run(TestRunner.java:505)
at org.testng.SuiteRunner.runTest(SuiteRunner.java:455)
at org.testng.SuiteRunner.runSequentially(SuiteRunner.java:450)
at org.testng.SuiteRunner.privateRun(SuiteRunner.java:415)
at org.testng.SuiteRunner.run(SuiteRunner.java:364)
at org.testng.SuiteRunnerWorker.runSuite(SuiteRunnerWorker.java:52)
at org.testng.SuiteRunnerWorker.run(SuiteRunnerWorker.java:84)
at org.testng.TestNG.runSuitesSequentially(TestNG.java:1208)
at org.testng.TestNG.runSuitesLocally(TestNG.java:1137)
at org.testng.TestNG.runSuites(TestNG.java:1049)
at org.testng.TestNG.run(TestNG.java:1017)
at org.testng.remote.AbstractRemoteTestNG.run(AbstractRemoteTestNG.java:115)
at org.testng.remote.RemoteTestNG.initAndRun(RemoteTestNG.java:251)
at org.testng.remote.RemoteTestNG.main(RemoteTestNG.java:77)
]]>
    </error>
  </testcase> <!-- ObservarDCDPortalFedepalma -->
</testsuite> <!-- com.ConsultaDCD.test.ObservarDCDTest -->
